              :-) GROMACS - gmx mdrun, 2020.1-Ubuntu-2020.1-1 (-:

                            GROMACS is written by:
     Emile Apol      Rossen Apostolov      Paul Bauer     Herman J.C. Berendsen
    Par Bjelkmar      Christian Blau   Viacheslav Bolnykh     Kevin Boyd    
 Aldert van Buuren   Rudi van Drunen     Anton Feenstra       Alan Gray     
  Gerrit Groenhof     Anca Hamuraru    Vincent Hindriksen  M. Eric Irrgang  
  Aleksei Iupinov   Christoph Junghans     Joe Jordan     Dimitrios Karkoulis
    Peter Kasson        Jiri Kraus      Carsten Kutzner      Per Larsson    
  Justin A. Lemkul    Viveca Lindahl    Magnus Lundborg     Erik Marklund   
    Pascal Merz     Pieter Meulenhoff    Teemu Murtola       Szilard Pall   
    Sander Pronk      Roland Schulz      Michael Shirts    Alexey Shvetsov  
   Alfons Sijbers     Peter Tieleman      Jon Vincent      Teemu Virolainen 
 Christian Wennberg    Maarten Wolf      Artem Zhmurov   
                           and the project leaders:
        Mark Abraham, Berk Hess, Erik Lindahl, and David van der Spoel

Copyright (c) 1991-2000, University of Groningen, The Netherlands.
Copyright (c) 2001-2019, The GROMACS development team at
Uppsala University, Stockholm University and
the Royal Institute of Technology, Sweden.
check out http://www.gromacs.org for more information.

GROMACS is free software; you can redistribute it and/or modify it
under the terms of the GNU Lesser General Public License
as published by the Free Software Foundation; either version 2.1
of the License, or (at your option) any later version.

GROMACS:      gmx mdrun, version 2020.1-Ubuntu-2020.1-1
Executable:   /usr/bin/gmx
Data prefix:  /usr
Working dir:  /home/chrisj/Documents/CharmFiles
Process ID:   7666
Command line:
  gmx mdrun -deffnm npt

GROMACS version:    2020.1-Ubuntu-2020.1-1
Precision:          single
Memory model:       64 bit
MPI library:        thread_mpi
OpenMP support:     enabled (GMX_OPENMP_MAX_THREADS = 64)
GPU support:        disabled
SIMD instructions:  SSE2
FFT library:        fftw-3.3.8-sse2-avx
RDTSCP usage:       disabled
TNG support:        enabled
Hwloc support:      hwloc-2.1.0
Tracing support:    disabled
C compiler:         /usr/bin/cc GNU 9.3.0
C compiler flags:   -msse2 -fexcess-precision=fast -funroll-all-loops
C++ compiler:       /usr/bin/c++ GNU 9.3.0
C++ compiler flags: -msse2 -fexcess-precision=fast -funroll-all-loops -fopenmp


Running on 1 node with total 4 cores, 4 logical cores
Hardware detected:
  CPU info:
    Vendor: Intel
    Brand:  Intel(R) Core(TM) i7-7500U CPU @ 2.70GHz
    Family: 6   Model: 142   Stepping: 9
    Features: aes apic avx avx2 clfsh cmov cx8 cx16 f16c fma intel lahf mmx msr nonstop_tsc pcid pclmuldq pdpe1gb popcnt pse rdrnd rdtscp sse2 sse3 sse4.1 sse4.2 ssse3 tdt x2apic
  Hardware topology: Full, with devices
    Sockets, cores, and logical processors:
      Socket  0: [   0] [   1] [   2] [   3]
    Numa nodes:
      Node  0 (4098301952 bytes mem):   0   1   2   3
      Latency:
               0
         0  1.00
    Caches:
      L1: 32768 bytes, linesize 64 bytes, assoc. 8, shared 1 ways
      L2: 262144 bytes, linesize 64 bytes, assoc. 4, shared 1 ways
      L3: 4194304 bytes, linesize 64 bytes, assoc. 16, shared 4 ways
    PCI devices:
      0000:00:07.1  Id: 8086:7111  Class: 0x0101  Numa: 0
      0000:00:0f.0  Id: 15ad:0405  Class: 0x0300  Numa: 0
      0000:00:10.0  Id: 1000:0030  Class: 0x0100  Numa: 0
      0000:02:01.0  Id: 8086:100f  Class: 0x0200  Numa: 0
      0000:02:05.0  Id: 15ad:07e0  Class: 0x0106  Numa: 0

Highest SIMD level requested by all nodes in run: AVX2_256
SIMD instructions selected at compile time:       SSE2
This program was compiled for different hardware than you are running on,
which could influence performance.
The current CPU can measure timings more accurately than the code in
gmx mdrun was configured to use. This might affect your simulation
speed as accurate timings are needed for load-balancing.
Please consider rebuilding gmx mdrun with the GMX_USE_RDTSCP=ON CMake option.

++++ PLEASE READ AND CITE THE FOLLOWING REFERENCE ++++
M. J. Abraham, T. Murtola, R. Schulz, S. Páll, J. C. Smith, B. Hess, E.
Lindahl
GROMACS: High performance molecular simulations through multi-level
parallelism from laptops to supercomputers
SoftwareX 1 (2015) pp. 19-25
-------- -------- --- Thank You --- -------- --------


++++ PLEASE READ AND CITE THE FOLLOWING REFERENCE ++++
S. Páll, M. J. Abraham, C. Kutzner, B. Hess, E. Lindahl
Tackling Exascale Software Challenges in Molecular Dynamics Simulations with
GROMACS
In S. Markidis & E. Laure (Eds.), Solving Software Challenges for Exascale 8759 (2015) pp. 3-27
-------- -------- --- Thank You --- -------- --------


++++ PLEASE READ AND CITE THE FOLLOWING REFERENCE ++++
S. Pronk, S. Páll, R. Schulz, P. Larsson, P. Bjelkmar, R. Apostolov, M. R.
Shirts, J. C. Smith, P. M. Kasson, D. van der Spoel, B. Hess, and E. Lindahl
GROMACS 4.5: a high-throughput and highly parallel open source molecular
simulation toolkit
Bioinformatics 29 (2013) pp. 845-54
-------- -------- --- Thank You --- -------- --------


++++ PLEASE READ AND CITE THE FOLLOWING REFERENCE ++++
B. Hess and C. Kutzner and D. van der Spoel and E. Lindahl
GROMACS 4: Algorithms for highly efficient, load-balanced, and scalable
molecular simulation
J. Chem. Theory Comput. 4 (2008) pp. 435-447
-------- -------- --- Thank You --- -------- --------


++++ PLEASE READ AND CITE THE FOLLOWING REFERENCE ++++
D. van der Spoel, E. Lindahl, B. Hess, G. Groenhof, A. E. Mark and H. J. C.
Berendsen
GROMACS: Fast, Flexible and Free
J. Comp. Chem. 26 (2005) pp. 1701-1719
-------- -------- --- Thank You --- -------- --------


++++ PLEASE READ AND CITE THE FOLLOWING REFERENCE ++++
E. Lindahl and B. Hess and D. van der Spoel
GROMACS 3.0: A package for molecular simulation and trajectory analysis
J. Mol. Mod. 7 (2001) pp. 306-317
-------- -------- --- Thank You --- -------- --------


++++ PLEASE READ AND CITE THE FOLLOWING REFERENCE ++++
H. J. C. Berendsen, D. van der Spoel and R. van Drunen
GROMACS: A message-passing parallel molecular dynamics implementation
Comp. Phys. Comm. 91 (1995) pp. 43-56
-------- -------- --- Thank You --- -------- --------

Input Parameters:
   integrator                     = md
   tinit                          = 0
   dt                             = 0.002
   nsteps                         = 50000
   init-step                      = 0
   simulation-part                = 1
   comm-mode                      = Linear
   nstcomm                        = 100
   bd-fric                        = 0
   ld-seed                        = -2097985439
   emtol                          = 10
   emstep                         = 0.01
   niter                          = 20
   fcstep                         = 0
   nstcgsteep                     = 1000
   nbfgscorr                      = 10
   rtpi                           = 0.05
   nstxout                        = 0
   nstvout                        = 0
   nstfout                        = 0
   nstlog                         = 500
   nstcalcenergy                  = 100
   nstenergy                      = 500
   nstxout-compressed             = 500
   compressed-x-precision         = 1000
   cutoff-scheme                  = Verlet
   nstlist                        = 20
   pbc                            = xyz
   periodic-molecules             = false
   verlet-buffer-tolerance        = 0.005
   rlist                          = 1.222
   coulombtype                    = PME
   coulomb-modifier               = Potential-shift
   rcoulomb-switch                = 0
   rcoulomb                       = 1.2
   epsilon-r                      = 1
   epsilon-rf                     = inf
   vdw-type                       = Cut-off
   vdw-modifier                   = Force-switch
   rvdw-switch                    = 1
   rvdw                           = 1.2
   DispCorr                       = No
   table-extension                = 1
   fourierspacing                 = 0.16
   fourier-nx                     = 40
   fourier-ny                     = 40
   fourier-nz                     = 40
   pme-order                      = 4
   ewald-rtol                     = 1e-05
   ewald-rtol-lj                  = 0.001
   lj-pme-comb-rule               = Geometric
   ewald-geometry                 = 0
   epsilon-surface                = 0
   tcoupl                         = V-rescale
   nsttcouple                     = 20
   nh-chain-length                = 0
   print-nose-hoover-chain-variables = false
   pcoupl                         = Berendsen
   pcoupltype                     = Isotropic
   nstpcouple                     = 20
   tau-p                          = 2
   compressibility (3x3):
      compressibility[    0]={ 4.50000e-05,  0.00000e+00,  0.00000e+00}
      compressibility[    1]={ 0.00000e+00,  4.50000e-05,  0.00000e+00}
      compressibility[    2]={ 0.00000e+00,  0.00000e+00,  4.50000e-05}
   ref-p (3x3):
      ref-p[    0]={ 1.00000e+00,  0.00000e+00,  0.00000e+00}
      ref-p[    1]={ 0.00000e+00,  1.00000e+00,  0.00000e+00}
      ref-p[    2]={ 0.00000e+00,  0.00000e+00,  1.00000e+00}
   refcoord-scaling               = COM
   posres-com (3):
      posres-com[0]= 4.99221e-01
      posres-com[1]= 5.03802e-01
      posres-com[2]= 4.99687e-01
   posres-comB (3):
      posres-comB[0]= 4.99221e-01
      posres-comB[1]= 5.03802e-01
      posres-comB[2]= 4.99687e-01
   QMMM                           = false
   QMconstraints                  = 0
   QMMMscheme                     = 0
   MMChargeScaleFactor            = 1
qm-opts:
   ngQM                           = 0
   constraint-algorithm           = Lincs
   continuation                   = true
   Shake-SOR                      = false
   shake-tol                      = 0.0001
   lincs-order                    = 4
   lincs-iter                     = 1
   lincs-warnangle                = 30
   nwall                          = 0
   wall-type                      = 9-3
   wall-r-linpot                  = -1
   wall-atomtype[0]               = -1
   wall-atomtype[1]               = -1
   wall-density[0]                = 0
   wall-density[1]                = 0
   wall-ewald-zfac                = 3
   pull                           = false
   awh                            = false
   rotation                       = false
   interactiveMD                  = false
   disre                          = No
   disre-weighting                = Conservative
   disre-mixed                    = false
   dr-fc                          = 1000
   dr-tau                         = 0
   nstdisreout                    = 100
   orire-fc                       = 0
   orire-tau                      = 0
   nstorireout                    = 100
   free-energy                    = no
   cos-acceleration               = 0
   deform (3x3):
      deform[    0]={ 0.00000e+00,  0.00000e+00,  0.00000e+00}
      deform[    1]={ 0.00000e+00,  0.00000e+00,  0.00000e+00}
      deform[    2]={ 0.00000e+00,  0.00000e+00,  0.00000e+00}
   simulated-tempering            = false
   swapcoords                     = no
   userint1                       = 0
   userint2                       = 0
   userint3                       = 0
   userint4                       = 0
   userreal1                      = 0
   userreal2                      = 0
   userreal3                      = 0
   userreal4                      = 0
   applied-forces:
     electric-field:
       x:
         E0                       = 0
         omega                    = 0
         t0                       = 0
         sigma                    = 0
       y:
         E0                       = 0
         omega                    = 0
         t0                       = 0
         sigma                    = 0
       z:
         E0                       = 0
         omega                    = 0
         t0                       = 0
         sigma                    = 0
     density-guided-simulation:
       active                     = false
       group                      = protein
       similarity-measure         = inner-product
       atom-spreading-weight      = unity
       force-constant             = 1e+09
       gaussian-transform-spreading-width = 0.2
       gaussian-transform-spreading-range-in-multiples-of-width = 4
       reference-density-filename = reference.mrc
       nst                        = 1
       normalize-densities        = true
       adaptive-force-scaling     = false
       adaptive-force-scaling-time-constant = 4
grpopts:
   nrdf:     2707.77     32655.2
   ref-t:         300         300
   tau-t:         0.1         0.1
annealing:          No          No
annealing-npoints:           0           0
   acc:	           0           0           0
   nfreeze:           N           N           N
   energygrp-flags[  0]: 0

Changing nstlist from 20 to 80, rlist from 1.222 to 1.319


Using 1 MPI thread

Non-default thread affinity set, disabling internal thread affinity

Using 4 OpenMP threads 

System total charge: 0.000
Will do PME sum in reciprocal space for electrostatic interactions.

++++ PLEASE READ AND CITE THE FOLLOWING REFERENCE ++++
U. Essmann, L. Perera, M. L. Berkowitz, T. Darden, H. Lee and L. G. Pedersen 
A smooth particle mesh Ewald method
J. Chem. Phys. 103 (1995) pp. 8577-8592
-------- -------- --- Thank You --- -------- --------

Using a Gaussian width (1/beta) of 0.384195 nm for Ewald
Potential shift: LJ r^-12: -2.648e-01 r^-6: -5.349e-01, Ewald -8.333e-06
Initialized non-bonded Coulomb Ewald tables, spacing: 1.02e-03 size: 1176

Generated table with 1159 data points for 1-4 COUL.
Tabscale = 500 points/nm
Generated table with 1159 data points for 1-4 LJ6.
Tabscale = 500 points/nm
Generated table with 1159 data points for 1-4 LJ12.
Tabscale = 500 points/nm

Using SIMD 4x4 nonbonded short-range kernels

Using a dual 4x4 pair-list setup updated with dynamic pruning:
  outer list: updated every 80 steps, buffer 0.119 nm, rlist 1.319 nm
  inner list: updated every 13 steps, buffer 0.002 nm, rlist 1.202 nm
At tolerance 0.005 kJ/mol/ps per atom, equivalent classical 1x1 list would be:
  outer list: updated every 80 steps, buffer 0.263 nm, rlist 1.463 nm
  inner list: updated every 13 steps, buffer 0.051 nm, rlist 1.251 nm


Initializing LINear Constraint Solver

++++ PLEASE READ AND CITE THE FOLLOWING REFERENCE ++++
B. Hess and H. Bekker and H. J. C. Berendsen and J. G. E. M. Fraaije
LINCS: A Linear Constraint Solver for molecular simulations
J. Comp. Chem. 18 (1997) pp. 1463-1472
-------- -------- --- Thank You --- -------- --------

The number of constraints is 517

++++ PLEASE READ AND CITE THE FOLLOWING REFERENCE ++++
S. Miyamoto and P. A. Kollman
SETTLE: An Analytical Version of the SHAKE and RATTLE Algorithms for Rigid
Water Models
J. Comp. Chem. 13 (1992) pp. 952-962
-------- -------- --- Thank You --- -------- --------


++++ PLEASE READ AND CITE THE FOLLOWING REFERENCE ++++
G. Bussi, D. Donadio and M. Parrinello
Canonical sampling through velocity rescaling
J. Chem. Phys. 126 (2007) pp. 014101
-------- -------- --- Thank You --- -------- --------

There are: 17404 Atoms
There are: 1 VSites
Center of mass motion removal mode is Linear
We have the following groups for center of mass motion removal:
  0:  rest

Started mdrun on rank 0 Sun Jul 26 10:52:22 2020

           Step           Time
              0        0.00000

   Energies (kJ/mol)
           Bond            U-B    Proper Dih.  Improper Dih.      CMAP Dih.
    8.75359e+02    2.24569e+03    2.89426e+03    1.16695e+02   -9.91376e+01
          LJ-14     Coulomb-14        LJ (SR)   Coulomb (SR)   Coul. recip.
    1.05867e+03    1.04889e+04    2.13866e+04   -2.66362e+05    7.98869e+02
 Position Rest.      Potential    Kinetic En.   Total Energy  Conserved En.
    7.15739e-02   -2.26596e+05    4.34005e+04   -1.83195e+05   -1.83172e+05
    Temperature Pressure (bar)   Constr. rmsd
    2.95217e+02   -6.98295e+02    2.65165e-06

           Step           Time
            500        1.00000

   Energies (kJ/mol)
           Bond            U-B    Proper Dih.  Improper Dih.      CMAP Dih.
    8.74172e+02    2.47840e+03    2.85179e+03    1.19845e+02   -8.85405e+01
          LJ-14     Coulomb-14        LJ (SR)   Coulomb (SR)   Coul. recip.
    1.05263e+03    1.02780e+04    2.25540e+04   -2.66706e+05    8.26593e+02
 Position Rest.      Potential    Kinetic En.   Total Energy  Conserved En.
    3.14356e+02   -2.25445e+05    4.44753e+04   -1.80970e+05   -1.83198e+05
    Temperature Pressure (bar)   Constr. rmsd
    3.02528e+02   -5.03428e+01    2.94064e-06

           Step           Time
           1000        2.00000

   Energies (kJ/mol)
           Bond            U-B    Proper Dih.  Improper Dih.      CMAP Dih.
    1.03258e+03    2.25707e+03    2.87917e+03    1.60197e+02   -7.44050e+01
          LJ-14     Coulomb-14        LJ (SR)   Coulomb (SR)   Coul. recip.
    1.06789e+03    1.03698e+04    2.23540e+04   -2.67566e+05    7.87951e+02
 Position Rest.      Potential    Kinetic En.   Total Energy  Conserved En.
    3.27184e+02   -2.26405e+05    4.44884e+04   -1.81917e+05   -1.83176e+05
    Temperature Pressure (bar)   Constr. rmsd
    3.02617e+02   -1.25193e+02    2.60336e-06

           Step           Time
           1500        3.00000

   Energies (kJ/mol)
           Bond            U-B    Proper Dih.  Improper Dih.      CMAP Dih.
    9.94930e+02    2.42859e+03    2.75685e+03    1.36242e+02   -1.00995e+02
          LJ-14     Coulomb-14        LJ (SR)   Coulomb (SR)   Coul. recip.
    1.09046e+03    1.04887e+04    2.26883e+04   -2.69054e+05    8.14271e+02
 Position Rest.      Potential    Kinetic En.   Total Energy  Conserved En.
    3.09611e+02   -2.27448e+05    4.41278e+04   -1.83320e+05   -1.83168e+05
    Temperature Pressure (bar)   Constr. rmsd
    3.00164e+02    2.34560e+01    2.38688e-06

           Step           Time
           2000        4.00000

   Energies (kJ/mol)
           Bond            U-B    Proper Dih.  Improper Dih.      CMAP Dih.
    9.37420e+02    2.29281e+03    2.79506e+03    1.27844e+02   -7.78588e+01
          LJ-14     Coulomb-14        LJ (SR)   Coulomb (SR)   Coul. recip.
    1.02876e+03    1.04291e+04    2.27811e+04   -2.68949e+05    8.38740e+02
 Position Rest.      Potential    Kinetic En.   Total Energy  Conserved En.
    3.17184e+02   -2.27479e+05    4.43440e+04   -1.83135e+05   -1.83182e+05
    Temperature Pressure (bar)   Constr. rmsd
    3.01635e+02    1.33918e+00    2.57663e-06

           Step           Time
           2500        5.00000

   Energies (kJ/mol)
           Bond            U-B    Proper Dih.  Improper Dih.      CMAP Dih.
    8.99803e+02    2.40856e+03    2.81163e+03    1.12264e+02   -9.31931e+01
          LJ-14     Coulomb-14        LJ (SR)   Coulomb (SR)   Coul. recip.
    1.05189e+03    1.02600e+04    2.23079e+04   -2.68358e+05    8.28257e+02
 Position Rest.      Potential    Kinetic En.   Total Energy  Conserved En.
    3.08505e+02   -2.27462e+05    4.41270e+04   -1.83335e+05   -1.83169e+05
    Temperature Pressure (bar)   Constr. rmsd
    3.00159e+02   -1.16680e+02    2.62964e-06

           Step           Time
           3000        6.00000

   Energies (kJ/mol)
           Bond            U-B    Proper Dih.  Improper Dih.      CMAP Dih.
    9.23212e+02    2.46096e+03    2.86515e+03    1.23625e+02   -6.68131e+01
          LJ-14     Coulomb-14        LJ (SR)   Coulomb (SR)   Coul. recip.
    1.11547e+03    1.03085e+04    2.30268e+04   -2.69370e+05    8.15128e+02
 Position Rest.      Potential    Kinetic En.   Total Energy  Conserved En.
    3.01131e+02   -2.27497e+05    4.50347e+04   -1.82462e+05   -1.83189e+05
    Temperature Pressure (bar)   Constr. rmsd
    3.06333e+02    4.15016e+02    3.01699e-06

           Step           Time
           3500        7.00000

   Energies (kJ/mol)
           Bond            U-B    Proper Dih.  Improper Dih.      CMAP Dih.
    9.75590e+02    2.35878e+03    2.78942e+03    1.55211e+02   -7.82889e+01
          LJ-14     Coulomb-14        LJ (SR)   Coulomb (SR)   Coul. recip.
    1.10897e+03    1.02159e+04    2.22868e+04   -2.68034e+05    7.98644e+02
 Position Rest.      Potential    Kinetic En.   Total Energy  Conserved En.
    2.99797e+02   -2.27123e+05    4.48724e+04   -1.82251e+05   -1.83181e+05
    Temperature Pressure (bar)   Constr. rmsd
    3.05229e+02   -2.78340e+01    2.96922e-06

           Step           Time
           4000        8.00000

   Energies (kJ/mol)
           Bond            U-B    Proper Dih.  Improper Dih.      CMAP Dih.
    1.01271e+03    2.46615e+03    2.83468e+03    1.69044e+02   -8.82058e+01
          LJ-14     Coulomb-14        LJ (SR)   Coulomb (SR)   Coul. recip.
    1.11851e+03    1.01780e+04    2.25568e+04   -2.68805e+05    7.72241e+02
 Position Rest.      Potential    Kinetic En.   Total Energy  Conserved En.
    3.09517e+02   -2.27476e+05    4.45204e+04   -1.82956e+05   -1.83171e+05
    Temperature Pressure (bar)   Constr. rmsd
    3.02835e+02    1.15928e+02    2.77147e-06

           Step           Time
           4500        9.00000

   Energies (kJ/mol)
           Bond            U-B    Proper Dih.  Improper Dih.      CMAP Dih.
    9.61781e+02    2.37211e+03    2.84583e+03    1.26382e+02   -7.43679e+01
          LJ-14     Coulomb-14        LJ (SR)   Coulomb (SR)   Coul. recip.
    1.08231e+03    1.01977e+04    2.25539e+04   -2.68731e+05    8.25826e+02
 Position Rest.      Potential    Kinetic En.   Total Energy  Conserved En.
    2.91587e+02   -2.27548e+05    4.42248e+04   -1.83323e+05   -1.83176e+05
    Temperature Pressure (bar)   Constr. rmsd
    3.00824e+02    1.39316e+02    2.45516e-06

           Step           Time
           5000       10.00000

   Energies (kJ/mol)
           Bond            U-B    Proper Dih.  Improper Dih.      CMAP Dih.
    1.03111e+03    2.38755e+03    2.85941e+03    1.58171e+02   -9.50991e+01
          LJ-14     Coulomb-14        LJ (SR)   Coulomb (SR)   Coul. recip.
    1.03102e+03    1.03283e+04    2.24581e+04   -2.68329e+05    8.78601e+02
 Position Rest.      Potential    Kinetic En.   Total Energy  Conserved En.
    2.92296e+02   -2.26999e+05    4.43734e+04   -1.82626e+05   -1.83174e+05
    Temperature Pressure (bar)   Constr. rmsd
    3.01835e+02   -9.75936e+01    2.73053e-06

           Step           Time
           5500       11.00000

   Energies (kJ/mol)
           Bond            U-B    Proper Dih.  Improper Dih.      CMAP Dih.
    9.17546e+02    2.40578e+03    2.80868e+03    1.45481e+02   -9.26747e+01
          LJ-14     Coulomb-14        LJ (SR)   Coulomb (SR)   Coul. recip.
    1.04739e+03    1.02608e+04    2.24729e+04   -2.68790e+05    7.84066e+02
 Position Rest.      Potential    Kinetic En.   Total Energy  Conserved En.
    3.07805e+02   -2.27732e+05    4.42368e+04   -1.83495e+05   -1.83169e+05
    Temperature Pressure (bar)   Constr. rmsd
    3.00905e+02   -2.44896e+01    2.72366e-06

           Step           Time
           6000       12.00000

   Energies (kJ/mol)
           Bond            U-B    Proper Dih.  Improper Dih.      CMAP Dih.
    9.20228e+02    2.41522e+03    2.84206e+03    1.50896e+02   -8.70449e+01
          LJ-14     Coulomb-14        LJ (SR)   Coulomb (SR)   Coul. recip.
    1.09142e+03    1.02582e+04    2.19207e+04   -2.67702e+05    7.75048e+02
 Position Rest.      Potential    Kinetic En.   Total Energy  Conserved En.
    3.27246e+02   -2.27088e+05    4.39802e+04   -1.83108e+05   -1.83166e+05
    Temperature Pressure (bar)   Constr. rmsd
    2.99160e+02   -9.77800e+00    2.68112e-06

           Step           Time
           6500       13.00000

   Energies (kJ/mol)
           Bond            U-B    Proper Dih.  Improper Dih.      CMAP Dih.
    9.18158e+02    2.48745e+03    2.83256e+03    1.63376e+02   -8.54373e+01
          LJ-14     Coulomb-14        LJ (SR)   Coulomb (SR)   Coul. recip.
    1.04028e+03    1.02895e+04    2.17679e+04   -2.67384e+05    8.42694e+02
 Position Rest.      Potential    Kinetic En.   Total Energy  Conserved En.
    3.17975e+02   -2.26809e+05    4.52791e+04   -1.81530e+05   -1.83164e+05
    Temperature Pressure (bar)   Constr. rmsd
    3.07996e+02   -9.24238e+01    3.00207e-06

           Step           Time
           7000       14.00000

   Energies (kJ/mol)
           Bond            U-B    Proper Dih.  Improper Dih.      CMAP Dih.
    8.59557e+02    2.38207e+03    2.79804e+03    1.09881e+02   -7.03172e+01
          LJ-14     Coulomb-14        LJ (SR)   Coulomb (SR)   Coul. recip.
    1.12252e+03    1.03662e+04    2.19445e+04   -2.68107e+05    8.07301e+02
 Position Rest.      Potential    Kinetic En.   Total Energy  Conserved En.
    2.80960e+02   -2.27507e+05    4.43101e+04   -1.83197e+05   -1.83161e+05
    Temperature Pressure (bar)   Constr. rmsd
    3.01404e+02    6.17242e+01    2.89441e-06

           Step           Time
           7500       15.00000

   Energies (kJ/mol)
           Bond            U-B    Proper Dih.  Improper Dih.      CMAP Dih.
    9.13275e+02    2.49554e+03    2.85984e+03    1.27083e+02   -9.60482e+01
          LJ-14     Coulomb-14        LJ (SR)   Coulomb (SR)   Coul. recip.
    1.03488e+03    1.03211e+04    2.25490e+04   -2.68515e+05    8.19335e+02
 Position Rest.      Potential    Kinetic En.   Total Energy  Conserved En.
    3.14982e+02   -2.27176e+05    4.41924e+04   -1.82983e+05   -1.83148e+05
    Temperature Pressure (bar)   Constr. rmsd
    3.00604e+02   -7.89342e+01    2.88317e-06

           Step           Time
           8000       16.00000

   Energies (kJ/mol)
           Bond            U-B    Proper Dih.  Improper Dih.      CMAP Dih.
    8.50293e+02    2.40092e+03    2.86327e+03    1.54375e+02   -1.03353e+02
          LJ-14     Coulomb-14        LJ (SR)   Coulomb (SR)   Coul. recip.
    1.07668e+03    1.03737e+04    2.21847e+04   -2.68346e+05    7.88906e+02
 Position Rest.      Potential    Kinetic En.   Total Energy  Conserved En.
    2.96286e+02   -2.27460e+05    4.39690e+04   -1.83492e+05   -1.83173e+05
    Temperature Pressure (bar)   Constr. rmsd
    2.99084e+02    9.49635e+01    2.86915e-06

           Step           Time
           8500       17.00000

   Energies (kJ/mol)
           Bond            U-B    Proper Dih.  Improper Dih.      CMAP Dih.
    9.21007e+02    2.40609e+03    2.90496e+03    1.33845e+02   -1.01825e+02
          LJ-14     Coulomb-14        LJ (SR)   Coulomb (SR)   Coul. recip.
    1.09037e+03    1.02742e+04    2.22754e+04   -2.68126e+05    7.78090e+02
 Position Rest.      Potential    Kinetic En.   Total Energy  Conserved En.
    3.06807e+02   -2.27137e+05    4.44157e+04   -1.82722e+05   -1.83164e+05
    Temperature Pressure (bar)   Constr. rmsd
    3.02123e+02    2.22745e+01    2.94621e-06

           Step           Time
           9000       18.00000

   Energies (kJ/mol)
           Bond            U-B    Proper Dih.  Improper Dih.      CMAP Dih.
    8.78596e+02    2.45803e+03    2.86924e+03    1.43900e+02   -8.27635e+01
          LJ-14     Coulomb-14        LJ (SR)   Coulomb (SR)   Coul. recip.
    1.15906e+03    1.03129e+04    2.24063e+04   -2.67890e+05    8.04160e+02
 Position Rest.      Potential    Kinetic En.   Total Energy  Conserved En.
    2.85419e+02   -2.26655e+05    4.37241e+04   -1.82931e+05   -1.83156e+05
    Temperature Pressure (bar)   Constr. rmsd
    2.97419e+02    2.16464e+02    2.67762e-06

           Step           Time
           9500       19.00000

   Energies (kJ/mol)
           Bond            U-B    Proper Dih.  Improper Dih.      CMAP Dih.
    9.45009e+02    2.44002e+03    2.80110e+03    1.37666e+02   -7.55821e+01
          LJ-14     Coulomb-14        LJ (SR)   Coulomb (SR)   Coul. recip.
    1.04094e+03    1.04428e+04    2.19498e+04   -2.67860e+05    7.99677e+02
 Position Rest.      Potential    Kinetic En.   Total Energy  Conserved En.
    3.35210e+02   -2.27043e+05    4.42678e+04   -1.82775e+05   -1.83148e+05
    Temperature Pressure (bar)   Constr. rmsd
    3.01117e+02   -7.93692e+01    3.10200e-06

           Step           Time
          10000       20.00000

   Energies (kJ/mol)
           Bond            U-B    Proper Dih.  Improper Dih.      CMAP Dih.
    9.22251e+02    2.34092e+03    2.89154e+03    1.30248e+02   -8.24550e+01
          LJ-14     Coulomb-14        LJ (SR)   Coulomb (SR)   Coul. recip.
    1.05014e+03    1.03198e+04    2.24317e+04   -2.69207e+05    8.12334e+02
 Position Rest.      Potential    Kinetic En.   Total Energy  Conserved En.
    3.09582e+02   -2.28081e+05    4.36709e+04   -1.84410e+05   -1.83162e+05
    Temperature Pressure (bar)   Constr. rmsd
    2.97056e+02   -2.03489e+01    2.88482e-06

           Step           Time
          10500       21.00000

   Energies (kJ/mol)
           Bond            U-B    Proper Dih.  Improper Dih.      CMAP Dih.
    9.76978e+02    2.34867e+03    2.82519e+03    1.27922e+02   -9.07914e+01
          LJ-14     Coulomb-14        LJ (SR)   Coulomb (SR)   Coul. recip.
    1.06465e+03    1.03261e+04    2.27327e+04   -2.69858e+05    7.65470e+02
 Position Rest.      Potential    Kinetic En.   Total Energy  Conserved En.
    2.92152e+02   -2.28489e+05    4.41228e+04   -1.84366e+05   -1.83168e+05
    Temperature Pressure (bar)   Constr. rmsd
    3.00131e+02    1.32550e+02    2.76072e-06

           Step           Time
          11000       22.00000

   Energies (kJ/mol)
           Bond            U-B    Proper Dih.  Improper Dih.      CMAP Dih.
    8.92558e+02    2.33906e+03    2.83214e+03    1.32072e+02   -1.03371e+02
          LJ-14     Coulomb-14        LJ (SR)   Coulomb (SR)   Coul. recip.
    1.08299e+03    1.04701e+04    2.23806e+04   -2.68901e+05    7.57107e+02
 Position Rest.      Potential    Kinetic En.   Total Energy  Conserved En.
    3.46193e+02   -2.27772e+05    4.52087e+04   -1.82563e+05   -1.83182e+05
    Temperature Pressure (bar)   Constr. rmsd
    3.07517e+02    1.53769e+02    2.92023e-06

           Step           Time
          11500       23.00000

   Energies (kJ/mol)
           Bond            U-B    Proper Dih.  Improper Dih.      CMAP Dih.
    8.61919e+02    2.40920e+03    2.87525e+03    1.14642e+02   -7.51889e+01
          LJ-14     Coulomb-14        LJ (SR)   Coulomb (SR)   Coul. recip.
    1.07444e+03    1.04475e+04    2.29968e+04   -2.69478e+05    8.00011e+02
 Position Rest.      Potential    Kinetic En.   Total Energy  Conserved En.
    2.93439e+02   -2.27680e+05    4.39241e+04   -1.83756e+05   -1.83151e+05
    Temperature Pressure (bar)   Constr. rmsd
    2.98779e+02    3.02158e+02    2.67633e-06

           Step           Time
          12000       24.00000

   Energies (kJ/mol)
           Bond            U-B    Proper Dih.  Improper Dih.      CMAP Dih.
    8.91125e+02    2.44172e+03    2.89319e+03    1.54587e+02   -7.48275e+01
          LJ-14     Coulomb-14        LJ (SR)   Coulomb (SR)   Coul. recip.
    1.07719e+03    1.03781e+04    2.25452e+04   -2.69140e+05    8.27661e+02
 Position Rest.      Potential    Kinetic En.   Total Energy  Conserved En.
    2.94344e+02   -2.27712e+05    4.46316e+04   -1.83080e+05   -1.83142e+05
    Temperature Pressure (bar)   Constr. rmsd
    3.03592e+02    4.32681e+01    3.02118e-06

           Step           Time
          12500       25.00000

   Energies (kJ/mol)
           Bond            U-B    Proper Dih.  Improper Dih.      CMAP Dih.
    8.80445e+02    2.45347e+03    2.88083e+03    1.70519e+02   -9.21927e+01
          LJ-14     Coulomb-14        LJ (SR)   Coulomb (SR)   Coul. recip.
    1.05106e+03    1.04742e+04    2.25349e+04   -2.68737e+05    8.06595e+02
 Position Rest.      Potential    Kinetic En.   Total Energy  Conserved En.
    2.96475e+02   -2.27281e+05    4.45267e+04   -1.82754e+05   -1.83152e+05
    Temperature Pressure (bar)   Constr. rmsd
    3.02878e+02    1.10776e+02    3.08305e-06

           Step           Time
          13000       26.00000

   Energies (kJ/mol)
           Bond            U-B    Proper Dih.  Improper Dih.      CMAP Dih.
    8.90210e+02    2.43259e+03    2.91135e+03    1.51061e+02   -1.00540e+02
          LJ-14     Coulomb-14        LJ (SR)   Coulomb (SR)   Coul. recip.
    1.05144e+03    1.04169e+04    2.17477e+04   -2.67374e+05    7.83961e+02
 Position Rest.      Potential    Kinetic En.   Total Energy  Conserved En.
    3.16892e+02   -2.26772e+05    4.48704e+04   -1.81902e+05   -1.83160e+05
    Temperature Pressure (bar)   Constr. rmsd
    3.05215e+02    7.26794e+01    3.44985e-06

           Step           Time
          13500       27.00000

   Energies (kJ/mol)
           Bond            U-B    Proper Dih.  Improper Dih.      CMAP Dih.
    8.97371e+02    2.35374e+03    2.83488e+03    1.18655e+02   -1.04569e+02
          LJ-14     Coulomb-14        LJ (SR)   Coulomb (SR)   Coul. recip.
    1.08492e+03    1.03037e+04    2.25068e+04   -2.69194e+05    8.05562e+02
 Position Rest.      Potential    Kinetic En.   Total Energy  Conserved En.
    3.31293e+02   -2.28062e+05    4.40395e+04   -1.84022e+05   -1.83148e+05
    Temperature Pressure (bar)   Constr. rmsd
    2.99564e+02    5.99402e+01    2.85357e-06

           Step           Time
          14000       28.00000

   Energies (kJ/mol)
           Bond            U-B    Proper Dih.  Improper Dih.      CMAP Dih.
    9.43389e+02    2.42051e+03    2.87278e+03    1.37991e+02   -1.18508e+02
          LJ-14     Coulomb-14        LJ (SR)   Coulomb (SR)   Coul. recip.
    1.05702e+03    1.04421e+04    2.18305e+04   -2.68281e+05    7.93335e+02
 Position Rest.      Potential    Kinetic En.   Total Energy  Conserved En.
    2.96799e+02   -2.27605e+05    4.34926e+04   -1.84112e+05   -1.83141e+05
    Temperature Pressure (bar)   Constr. rmsd
    2.95844e+02   -2.27866e+02    2.84504e-06

           Step           Time
          14500       29.00000

   Energies (kJ/mol)
           Bond            U-B    Proper Dih.  Improper Dih.      CMAP Dih.
    9.27988e+02    2.33010e+03    2.87716e+03    1.33466e+02   -9.17664e+01
          LJ-14     Coulomb-14        LJ (SR)   Coulomb (SR)   Coul. recip.
    1.08724e+03    1.03767e+04    2.20390e+04   -2.68102e+05    7.95729e+02
 Position Rest.      Potential    Kinetic En.   Total Energy  Conserved En.
    2.91888e+02   -2.27334e+05    4.44850e+04   -1.82849e+05   -1.83140e+05
    Temperature Pressure (bar)   Constr. rmsd
    3.02594e+02   -1.48512e+02    3.06933e-06

           Step           Time
          15000       30.00000

   Energies (kJ/mol)
           Bond            U-B    Proper Dih.  Improper Dih.      CMAP Dih.
    9.45538e+02    2.42831e+03    2.85135e+03    1.24726e+02   -8.33706e+01
          LJ-14     Coulomb-14        LJ (SR)   Coulomb (SR)   Coul. recip.
    1.08872e+03    1.03933e+04    2.23779e+04   -2.68623e+05    7.90726e+02
 Position Rest.      Potential    Kinetic En.   Total Energy  Conserved En.
    2.63552e+02   -2.27442e+05    4.43328e+04   -1.83109e+05   -1.83135e+05
    Temperature Pressure (bar)   Constr. rmsd
    3.01559e+02    9.74790e+01    3.44279e-06

           Step           Time
          15500       31.00000

   Energies (kJ/mol)
           Bond            U-B    Proper Dih.  Improper Dih.      CMAP Dih.
    8.48964e+02    2.32305e+03    2.82939e+03    1.10187e+02   -8.98576e+01
          LJ-14     Coulomb-14        LJ (SR)   Coulomb (SR)   Coul. recip.
    1.06692e+03    1.04066e+04    2.26203e+04   -2.69284e+05    8.31840e+02
 Position Rest.      Potential    Kinetic En.   Total Energy  Conserved En.
    3.23549e+02   -2.28013e+05    4.36518e+04   -1.84361e+05   -1.83147e+05
    Temperature Pressure (bar)   Constr. rmsd
    2.96927e+02    6.31321e+01    3.59879e-06

           Step           Time
          16000       32.00000

   Energies (kJ/mol)
           Bond            U-B    Proper Dih.  Improper Dih.      CMAP Dih.
    8.74404e+02    2.24257e+03    2.88271e+03    1.72434e+02   -9.57722e+01
          LJ-14     Coulomb-14        LJ (SR)   Coulomb (SR)   Coul. recip.
    1.11829e+03    1.04342e+04    2.19223e+04   -2.68266e+05    7.80923e+02
 Position Rest.      Potential    Kinetic En.   Total Energy  Conserved En.
    2.90401e+02   -2.27643e+05    4.42709e+04   -1.83372e+05   -1.83136e+05
    Temperature Pressure (bar)   Constr. rmsd
    3.01138e+02   -1.23284e+02    2.82299e-06

           Step           Time
          16500       33.00000

   Energies (kJ/mol)
           Bond            U-B    Proper Dih.  Improper Dih.      CMAP Dih.
    9.63939e+02    2.32476e+03    2.82783e+03    1.28115e+02   -9.02807e+01
          LJ-14     Coulomb-14        LJ (SR)   Coulomb (SR)   Coul. recip.
    1.07031e+03    1.03098e+04    2.19723e+04   -2.68183e+05    7.76119e+02
 Position Rest.      Potential    Kinetic En.   Total Energy  Conserved En.
    3.07463e+02   -2.27593e+05    4.40296e+04   -1.83564e+05   -1.83140e+05
    Temperature Pressure (bar)   Constr. rmsd
    2.99496e+02   -7.15123e+01    2.52159e-06

           Step           Time
          17000       34.00000

   Energies (kJ/mol)
           Bond            U-B    Proper Dih.  Improper Dih.      CMAP Dih.
    9.40706e+02    2.31377e+03    2.88425e+03    1.57705e+02   -7.97375e+01
          LJ-14     Coulomb-14        LJ (SR)   Coulomb (SR)   Coul. recip.
    1.06251e+03    1.03534e+04    2.21835e+04   -2.68691e+05    7.91991e+02
 Position Rest.      Potential    Kinetic En.   Total Energy  Conserved En.
    3.05389e+02   -2.27777e+05    4.35231e+04   -1.84254e+05   -1.83106e+05
    Temperature Pressure (bar)   Constr. rmsd
    2.96051e+02   -2.02664e+02    2.33369e-06

Writing checkpoint, step 17200 at Sun Jul 26 11:07:26 2020


           Step           Time
          17500       35.00000

   Energies (kJ/mol)
           Bond            U-B    Proper Dih.  Improper Dih.      CMAP Dih.
    8.66196e+02    2.30305e+03    2.84380e+03    1.26067e+02   -1.05271e+02
          LJ-14     Coulomb-14        LJ (SR)   Coulomb (SR)   Coul. recip.
    1.10686e+03    1.04633e+04    2.27398e+04   -2.69051e+05    7.83005e+02
 Position Rest.      Potential    Kinetic En.   Total Energy  Conserved En.
    3.05506e+02   -2.27619e+05    4.40060e+04   -1.83613e+05   -1.83142e+05
    Temperature Pressure (bar)   Constr. rmsd
    2.99336e+02    3.35423e+02    2.80325e-06

           Step           Time
          18000       36.00000

   Energies (kJ/mol)
           Bond            U-B    Proper Dih.  Improper Dih.      CMAP Dih.
    9.99975e+02    2.31416e+03    2.78576e+03    1.54616e+02   -7.53093e+01
          LJ-14     Coulomb-14        LJ (SR)   Coulomb (SR)   Coul. recip.
    1.07825e+03    1.05313e+04    2.24068e+04   -2.68777e+05    7.64509e+02
 Position Rest.      Potential    Kinetic En.   Total Energy  Conserved En.
    3.19830e+02   -2.27497e+05    4.42806e+04   -1.83216e+05   -1.83109e+05
    Temperature Pressure (bar)   Constr. rmsd
    3.01204e+02   -1.32812e+02    2.78143e-06

           Step           Time
          18500       37.00000

   Energies (kJ/mol)
           Bond            U-B    Proper Dih.  Improper Dih.      CMAP Dih.
    8.46142e+02    2.39017e+03    2.86621e+03    1.67450e+02   -7.78577e+01
          LJ-14     Coulomb-14        LJ (SR)   Coulomb (SR)   Coul. recip.
    1.11505e+03    1.04801e+04    2.13502e+04   -2.67031e+05    7.94868e+02
 Position Rest.      Potential    Kinetic En.   Total Energy  Conserved En.
    2.94372e+02   -2.26805e+05    4.38570e+04   -1.82948e+05   -1.83111e+05
    Temperature Pressure (bar)   Constr. rmsd
    2.98322e+02   -1.03615e+02    2.50011e-06

           Step           Time
          19000       38.00000

   Energies (kJ/mol)
           Bond            U-B    Proper Dih.  Improper Dih.      CMAP Dih.
    9.63650e+02    2.36786e+03    2.88737e+03    1.42101e+02   -1.10127e+02
          LJ-14     Coulomb-14        LJ (SR)   Coulomb (SR)   Coul. recip.
    1.08348e+03    1.02755e+04    2.25785e+04   -2.68234e+05    7.96785e+02
 Position Rest.      Potential    Kinetic En.   Total Energy  Conserved En.
    3.43245e+02   -2.26906e+05    4.37931e+04   -1.83113e+05   -1.83115e+05
    Temperature Pressure (bar)   Constr. rmsd
    2.97887e+02    7.11568e+01    2.76751e-06

           Step           Time
          19500       39.00000

   Energies (kJ/mol)
           Bond            U-B    Proper Dih.  Improper Dih.      CMAP Dih.
    9.97302e+02    2.38415e+03    2.92774e+03    1.66258e+02   -1.13743e+02
          LJ-14     Coulomb-14        LJ (SR)   Coulomb (SR)   Coul. recip.
    1.09866e+03    1.04348e+04    2.15728e+04   -2.66989e+05    8.25995e+02
 Position Rest.      Potential    Kinetic En.   Total Energy  Conserved En.
    3.11528e+02   -2.26384e+05    4.43714e+04   -1.82012e+05   -1.83108e+05
    Temperature Pressure (bar)   Constr. rmsd
    3.01821e+02    8.90513e+00    3.00120e-06

           Step           Time
          20000       40.00000

   Energies (kJ/mol)
           Bond            U-B    Proper Dih.  Improper Dih.      CMAP Dih.
    9.50712e+02    2.32186e+03    2.88281e+03    1.35392e+02   -1.02941e+02
          LJ-14     Coulomb-14        LJ (SR)   Coulomb (SR)   Coul. recip.
    1.10975e+03    1.03868e+04    2.21522e+04   -2.67955e+05    8.37968e+02
 Position Rest.      Potential    Kinetic En.   Total Energy  Conserved En.
    2.95535e+02   -2.26985e+05    4.44589e+04   -1.82526e+05   -1.83131e+05
    Temperature Pressure (bar)   Constr. rmsd
    3.02416e+02    9.94211e+01    3.28615e-06

           Step           Time
          20500       41.00000

   Energies (kJ/mol)
           Bond            U-B    Proper Dih.  Improper Dih.      CMAP Dih.
    9.06623e+02    2.34404e+03    2.85775e+03    1.63623e+02   -7.74841e+01
          LJ-14     Coulomb-14        LJ (SR)   Coulomb (SR)   Coul. recip.
    1.12765e+03    1.04309e+04    2.18684e+04   -2.67887e+05    8.11949e+02
 Position Rest.      Potential    Kinetic En.   Total Energy  Conserved En.
    3.05538e+02   -2.27148e+05    4.46605e+04   -1.82488e+05   -1.83121e+05
    Temperature Pressure (bar)   Constr. rmsd
    3.03788e+02   -7.02979e+01    2.98502e-06

           Step           Time
          21000       42.00000

   Energies (kJ/mol)
           Bond            U-B    Proper Dih.  Improper Dih.      CMAP Dih.
    9.70193e+02    2.37688e+03    2.84066e+03    1.76180e+02   -7.54908e+01
          LJ-14     Coulomb-14        LJ (SR)   Coulomb (SR)   Coul. recip.
    1.04644e+03    1.03055e+04    2.21953e+04   -2.68270e+05    7.78521e+02
 Position Rest.      Potential    Kinetic En.   Total Energy  Conserved En.
    3.02595e+02   -2.27354e+05    4.34159e+04   -1.83938e+05   -1.83115e+05
    Temperature Pressure (bar)   Constr. rmsd
    2.95322e+02   -2.31315e+02    2.82837e-06

           Step           Time
          21500       43.00000

   Energies (kJ/mol)
           Bond            U-B    Proper Dih.  Improper Dih.      CMAP Dih.
    8.83594e+02    2.21588e+03    2.84676e+03    1.67683e+02   -1.00473e+02
          LJ-14     Coulomb-14        LJ (SR)   Coulomb (SR)   Coul. recip.
    1.06949e+03    1.04338e+04    2.24593e+04   -2.68532e+05    8.00870e+02
 Position Rest.      Potential    Kinetic En.   Total Energy  Conserved En.
    3.12212e+02   -2.27443e+05    4.41694e+04   -1.83274e+05   -1.83131e+05
    Temperature Pressure (bar)   Constr. rmsd
    3.00447e+02    1.39647e+02    2.38054e-06

           Step           Time
          22000       44.00000

   Energies (kJ/mol)
           Bond            U-B    Proper Dih.  Improper Dih.      CMAP Dih.
    9.27055e+02    2.24286e+03    2.83398e+03    1.58146e+02   -1.04387e+02
          LJ-14     Coulomb-14        LJ (SR)   Coulomb (SR)   Coul. recip.
    1.10167e+03    1.04383e+04    2.19843e+04   -2.68401e+05    7.95549e+02
 Position Rest.      Potential    Kinetic En.   Total Energy  Conserved En.
    3.13336e+02   -2.27710e+05    4.42648e+04   -1.83446e+05   -1.83107e+05
    Temperature Pressure (bar)   Constr. rmsd
    3.01096e+02   -3.06437e+02    2.90960e-06

           Step           Time
          22500       45.00000

   Energies (kJ/mol)
           Bond            U-B    Proper Dih.  Improper Dih.      CMAP Dih.
    9.31802e+02    2.47070e+03    2.80549e+03    1.48715e+02   -9.25528e+01
          LJ-14     Coulomb-14        LJ (SR)   Coulomb (SR)   Coul. recip.
    1.07778e+03    1.03508e+04    2.27749e+04   -2.68977e+05    7.76960e+02
 Position Rest.      Potential    Kinetic En.   Total Energy  Conserved En.
    2.64078e+02   -2.27468e+05    4.41489e+04   -1.83319e+05   -1.83114e+05
    Temperature Pressure (bar)   Constr. rmsd
    3.00308e+02    6.36407e+01    2.94446e-06

Writing checkpoint, step 22720 at Sun Jul 26 11:46:19 2020


Writing checkpoint, step 22800 at Sun Jul 26 11:46:28 2020


           Step           Time
          23000       46.00000

   Energies (kJ/mol)
           Bond            U-B    Proper Dih.  Improper Dih.      CMAP Dih.
    9.47445e+02    2.39356e+03    2.81172e+03    1.08261e+02   -1.04868e+02
          LJ-14     Coulomb-14        LJ (SR)   Coulomb (SR)   Coul. recip.
    1.04701e+03    1.05969e+04    2.20022e+04   -2.68148e+05    7.82207e+02
 Position Rest.      Potential    Kinetic En.   Total Energy  Conserved En.
    2.96899e+02   -2.27267e+05    4.42511e+04   -1.83016e+05   -1.83095e+05
    Temperature Pressure (bar)   Constr. rmsd
    3.01003e+02   -2.90382e+02    2.30550e-06

           Step           Time
          23500       47.00000

   Energies (kJ/mol)
           Bond            U-B    Proper Dih.  Improper Dih.      CMAP Dih.
    1.04342e+03    2.31608e+03    2.77980e+03    1.24709e+02   -8.26554e+01
          LJ-14     Coulomb-14        LJ (SR)   Coulomb (SR)   Coul. recip.
    1.09200e+03    1.03026e+04    2.22103e+04   -2.68260e+05    8.15548e+02
 Position Rest.      Potential    Kinetic En.   Total Energy  Conserved En.
    3.26698e+02   -2.27331e+05    4.45655e+04   -1.82766e+05   -1.83095e+05
    Temperature Pressure (bar)   Constr. rmsd
    3.03142e+02   -9.17949e+01    2.99497e-06

           Step           Time
          24000       48.00000

   Energies (kJ/mol)
           Bond            U-B    Proper Dih.  Improper Dih.      CMAP Dih.
    9.52214e+02    2.41625e+03    2.83519e+03    1.21790e+02   -8.49245e+01
          LJ-14     Coulomb-14        LJ (SR)   Coulomb (SR)   Coul. recip.
    1.06927e+03    1.02638e+04    2.11858e+04   -2.67094e+05    7.83834e+02
 Position Rest.      Potential    Kinetic En.   Total Energy  Conserved En.
    3.04136e+02   -2.27247e+05    4.35537e+04   -1.83693e+05   -1.83090e+05
    Temperature Pressure (bar)   Constr. rmsd
    2.96259e+02   -4.29394e+02    3.02601e-06

           Step           Time
          24500       49.00000

   Energies (kJ/mol)
           Bond            U-B    Proper Dih.  Improper Dih.      CMAP Dih.
    9.17741e+02    2.37194e+03    2.84274e+03    1.25550e+02   -5.83921e+01
          LJ-14     Coulomb-14        LJ (SR)   Coulomb (SR)   Coul. recip.
    1.06441e+03    1.04435e+04    2.21036e+04   -2.68212e+05    8.32691e+02
 Position Rest.      Potential    Kinetic En.   Total Energy  Conserved En.
    3.22446e+02   -2.27245e+05    4.40116e+04   -1.83234e+05   -1.83104e+05
    Temperature Pressure (bar)   Constr. rmsd
    2.99374e+02   -1.63052e+01    3.43925e-06

           Step           Time
          25000       50.00000

   Energies (kJ/mol)
           Bond            U-B    Proper Dih.  Improper Dih.      CMAP Dih.
    8.42847e+02    2.29769e+03    2.83312e+03    1.45474e+02   -7.32752e+01
          LJ-14     Coulomb-14        LJ (SR)   Coulomb (SR)   Coul. recip.
    1.10080e+03    1.04470e+04    2.24738e+04   -2.68603e+05    8.12120e+02
 Position Rest.      Potential    Kinetic En.   Total Energy  Conserved En.
    3.35277e+02   -2.27388e+05    4.42754e+04   -1.83113e+05   -1.83117e+05
    Temperature Pressure (bar)   Constr. rmsd
    3.01168e+02    2.75600e+02    2.64316e-06

           Step           Time
          25500       51.00000

   Energies (kJ/mol)
           Bond            U-B    Proper Dih.  Improper Dih.      CMAP Dih.
    9.69270e+02    2.36034e+03    2.83561e+03    1.71545e+02   -1.07976e+02
          LJ-14     Coulomb-14        LJ (SR)   Coulomb (SR)   Coul. recip.
    1.14658e+03    1.03799e+04    2.31003e+04   -2.68876e+05    8.12445e+02
 Position Rest.      Potential    Kinetic En.   Total Energy  Conserved En.
    2.68815e+02   -2.26939e+05    4.43289e+04   -1.82611e+05   -1.83090e+05
    Temperature Pressure (bar)   Constr. rmsd
    3.01532e+02    3.25549e+02    2.98171e-06

           Step           Time
          26000       52.00000

   Energies (kJ/mol)
           Bond            U-B    Proper Dih.  Improper Dih.      CMAP Dih.
    9.80225e+02    2.35215e+03    2.83453e+03    1.18644e+02   -5.83326e+01
          LJ-14     Coulomb-14        LJ (SR)   Coulomb (SR)   Coul. recip.
    1.06068e+03    1.04218e+04    2.21203e+04   -2.68496e+05    8.13942e+02
 Position Rest.      Potential    Kinetic En.   Total Energy  Conserved En.
    2.90776e+02   -2.27561e+05    4.40051e+04   -1.83556e+05   -1.83085e+05
    Temperature Pressure (bar)   Constr. rmsd
    2.99330e+02   -1.54985e+02    3.05636e-06

           Step           Time
          26500       53.00000

   Energies (kJ/mol)
           Bond            U-B    Proper Dih.  Improper Dih.      CMAP Dih.
    8.89626e+02    2.28248e+03    2.85522e+03    1.21333e+02   -7.52345e+01
          LJ-14     Coulomb-14        LJ (SR)   Coulomb (SR)   Coul. recip.
    1.12577e+03    1.03709e+04    2.28108e+04   -2.69684e+05    8.19368e+02
 Position Rest.      Potential    Kinetic En.   Total Energy  Conserved En.
    3.52818e+02   -2.28130e+05    4.39298e+04   -1.84201e+05   -1.83108e+05
    Temperature Pressure (bar)   Constr. rmsd
    2.98817e+02    1.92259e+02    2.74735e-06

           Step           Time
          27000       54.00000

   Energies (kJ/mol)
           Bond            U-B    Proper Dih.  Improper Dih.      CMAP Dih.
    9.44970e+02    2.23255e+03    2.89193e+03    1.27830e+02   -1.00902e+02
          LJ-14     Coulomb-14        LJ (SR)   Coulomb (SR)   Coul. recip.
    1.08101e+03    1.03453e+04    2.28665e+04   -2.69562e+05    8.23748e+02
 Position Rest.      Potential    Kinetic En.   Total Energy  Conserved En.
    3.11223e+02   -2.28037e+05    4.40219e+04   -1.84016e+05   -1.83109e+05
    Temperature Pressure (bar)   Constr. rmsd
    2.99444e+02    1.76187e+02    3.21364e-06

           Step           Time
          27500       55.00000

   Energies (kJ/mol)
           Bond            U-B    Proper Dih.  Improper Dih.      CMAP Dih.
    9.69148e+02    2.29444e+03    2.83891e+03    1.10978e+02   -9.45185e+01
          LJ-14     Coulomb-14        LJ (SR)   Coulomb (SR)   Coul. recip.
    1.06309e+03    1.03956e+04    2.21028e+04   -2.68003e+05    8.15517e+02
 Position Rest.      Potential    Kinetic En.   Total Energy  Conserved En.
    2.60344e+02   -2.27246e+05    4.39773e+04   -1.83269e+05   -1.83090e+05
    Temperature Pressure (bar)   Constr. rmsd
    2.99140e+02   -1.86545e+02    2.62313e-06

           Step           Time
          28000       56.00000

   Energies (kJ/mol)
           Bond            U-B    Proper Dih.  Improper Dih.      CMAP Dih.
    8.59100e+02    2.26298e+03    2.91769e+03    1.36178e+02   -9.37901e+01
          LJ-14     Coulomb-14        LJ (SR)   Coulomb (SR)   Coul. recip.
    1.11036e+03    1.01442e+04    2.21633e+04   -2.68809e+05    7.76785e+02
 Position Rest.      Potential    Kinetic En.   Total Energy  Conserved En.
    3.32061e+02   -2.28200e+05    4.42579e+04   -1.83942e+05   -1.83109e+05
    Temperature Pressure (bar)   Constr. rmsd
    3.01049e+02    4.67098e+01    2.56822e-06

           Step           Time
          28500       57.00000

   Energies (kJ/mol)
           Bond            U-B    Proper Dih.  Improper Dih.      CMAP Dih.
    9.64538e+02    2.42190e+03    2.82878e+03    1.54679e+02   -8.29611e+01
          LJ-14     Coulomb-14        LJ (SR)   Coulomb (SR)   Coul. recip.
    1.08153e+03    1.03490e+04    2.21507e+04   -2.69019e+05    7.66917e+02
 Position Rest.      Potential    Kinetic En.   Total Energy  Conserved En.
    2.82798e+02   -2.28101e+05    4.46954e+04   -1.83406e+05   -1.83096e+05
    Temperature Pressure (bar)   Constr. rmsd
    3.04025e+02    7.18344e+01    2.34878e-06

           Step           Time
          29000       58.00000

   Energies (kJ/mol)
           Bond            U-B    Proper Dih.  Improper Dih.      CMAP Dih.
    9.69419e+02    2.21513e+03    2.86692e+03    1.34670e+02   -7.11512e+01
          LJ-14     Coulomb-14        LJ (SR)   Coulomb (SR)   Coul. recip.
    1.07659e+03    1.02762e+04    2.27073e+04   -2.69076e+05    7.99928e+02
 Position Rest.      Potential    Kinetic En.   Total Energy  Conserved En.
    2.92187e+02   -2.27809e+05    4.34580e+04   -1.84351e+05   -1.83098e+05
    Temperature Pressure (bar)   Constr. rmsd
    2.95608e+02    7.71797e+01    2.66000e-06

           Step           Time
          29500       59.00000

   Energies (kJ/mol)
           Bond            U-B    Proper Dih.  Improper Dih.      CMAP Dih.
    9.27549e+02    2.36293e+03    2.82719e+03    1.24109e+02   -9.67784e+01
          LJ-14     Coulomb-14        LJ (SR)   Coulomb (SR)   Coul. recip.
    1.07627e+03    1.03988e+04    2.27280e+04   -2.68791e+05    7.82958e+02
 Position Rest.      Potential    Kinetic En.   Total Energy  Conserved En.
    2.85106e+02   -2.27375e+05    4.45132e+04   -1.82862e+05   -1.83097e+05
    Temperature Pressure (bar)   Constr. rmsd
    3.02786e+02    9.63146e+01    2.45710e-06

           Step           Time
          30000       60.00000

   Energies (kJ/mol)
           Bond            U-B    Proper Dih.  Improper Dih.      CMAP Dih.
    9.27351e+02    2.43363e+03    2.79561e+03    1.19585e+02   -8.14207e+01
          LJ-14     Coulomb-14        LJ (SR)   Coulomb (SR)   Coul. recip.
    1.02889e+03    1.04092e+04    2.10429e+04   -2.67567e+05    7.49593e+02
 Position Rest.      Potential    Kinetic En.   Total Energy  Conserved En.
    3.19605e+02   -2.27822e+05    4.42145e+04   -1.83607e+05   -1.83060e+05
    Temperature Pressure (bar)   Constr. rmsd
    3.00754e+02   -6.80419e+02    2.61503e-06

           Step           Time
          30500       61.00000

   Energies (kJ/mol)
           Bond            U-B    Proper Dih.  Improper Dih.      CMAP Dih.
    8.63233e+02    2.34463e+03    2.86994e+03    1.22509e+02   -8.24675e+01
          LJ-14     Coulomb-14        LJ (SR)   Coulomb (SR)   Coul. recip.
    1.11235e+03    1.04780e+04    2.16411e+04   -2.68129e+05    8.21519e+02
 Position Rest.      Potential    Kinetic En.   Total Energy  Conserved En.
    3.14862e+02   -2.27643e+05    4.42927e+04   -1.83351e+05   -1.83085e+05
    Temperature Pressure (bar)   Constr. rmsd
    3.01286e+02   -4.33023e+01    2.72006e-06

           Step           Time
          31000       62.00000

   Energies (kJ/mol)
           Bond            U-B    Proper Dih.  Improper Dih.      CMAP Dih.
    8.98654e+02    2.52233e+03    2.88289e+03    1.43310e+02   -7.70377e+01
          LJ-14     Coulomb-14        LJ (SR)   Coulomb (SR)   Coul. recip.
    1.08078e+03    1.02071e+04    2.21501e+04   -2.68696e+05    7.61317e+02
 Position Rest.      Potential    Kinetic En.   Total Energy  Conserved En.
    2.85849e+02   -2.27841e+05    4.46038e+04   -1.83237e+05   -1.83080e+05
    Temperature Pressure (bar)   Constr. rmsd
    3.03402e+02   -3.90345e+00    2.54155e-06

           Step           Time
          31500       63.00000

   Energies (kJ/mol)
           Bond            U-B    Proper Dih.  Improper Dih.      CMAP Dih.
    9.45381e+02    2.29654e+03    2.85157e+03    1.72799e+02   -8.04324e+01
          LJ-14     Coulomb-14        LJ (SR)   Coulomb (SR)   Coul. recip.
    1.07232e+03    1.02770e+04    2.27093e+04   -2.69204e+05    7.99800e+02
 Position Rest.      Potential    Kinetic En.   Total Energy  Conserved En.
    2.96676e+02   -2.27863e+05    4.36674e+04   -1.84196e+05   -1.83089e+05
    Temperature Pressure (bar)   Constr. rmsd
    2.97033e+02    1.93283e+02    2.35534e-06

           Step           Time
          32000       64.00000

   Energies (kJ/mol)
           Bond            U-B    Proper Dih.  Improper Dih.      CMAP Dih.
    8.90504e+02    2.23773e+03    2.86472e+03    1.27964e+02   -6.64475e+01
          LJ-14     Coulomb-14        LJ (SR)   Coulomb (SR)   Coul. recip.
    1.12252e+03    1.04267e+04    2.16096e+04   -2.67442e+05    8.15904e+02
 Position Rest.      Potential    Kinetic En.   Total Energy  Conserved En.
    2.93659e+02   -2.27119e+05    4.41215e+04   -1.82998e+05   -1.83095e+05
    Temperature Pressure (bar)   Constr. rmsd
    3.00122e+02    1.12059e+02    3.20536e-06

           Step           Time
          32500       65.00000

   Energies (kJ/mol)
           Bond            U-B    Proper Dih.  Improper Dih.      CMAP Dih.
    8.41192e+02    2.33121e+03    2.89289e+03    1.28970e+02   -7.25503e+01
          LJ-14     Coulomb-14        LJ (SR)   Coulomb (SR)   Coul. recip.
    1.13314e+03    1.03672e+04    2.19618e+04   -2.69011e+05    7.56919e+02
 Position Rest.      Potential    Kinetic En.   Total Energy  Conserved En.
    3.02742e+02   -2.28368e+05    4.39467e+04   -1.84421e+05   -1.83084e+05
    Temperature Pressure (bar)   Constr. rmsd
    2.98932e+02    3.25549e+01    2.75366e-06

Writing checkpoint, step 32720 at Sun Jul 26 11:52:24 2020


           Step           Time
          33000       66.00000

   Energies (kJ/mol)
           Bond            U-B    Proper Dih.  Improper Dih.      CMAP Dih.
    9.59641e+02    2.32630e+03    2.90038e+03    1.40181e+02   -9.25245e+01
          LJ-14     Coulomb-14        LJ (SR)   Coulomb (SR)   Coul. recip.
    1.09971e+03    1.03660e+04    2.26130e+04   -2.68385e+05    7.61084e+02
 Position Rest.      Potential    Kinetic En.   Total Energy  Conserved En.
    3.01514e+02   -2.27010e+05    4.44125e+04   -1.82597e+05   -1.83077e+05
    Temperature Pressure (bar)   Constr. rmsd
    3.02101e+02    1.87729e+02    3.16903e-06

           Step           Time
          33500       67.00000

   Energies (kJ/mol)
           Bond            U-B    Proper Dih.  Improper Dih.      CMAP Dih.
    9.48157e+02    2.46244e+03    2.84749e+03    1.33556e+02   -6.38364e+01
          LJ-14     Coulomb-14        LJ (SR)   Coulomb (SR)   Coul. recip.
    1.08796e+03    1.03536e+04    2.19485e+04   -2.68612e+05    7.82921e+02
 Position Rest.      Potential    Kinetic En.   Total Energy  Conserved En.
    3.39497e+02   -2.27771e+05    4.43781e+04   -1.83393e+05   -1.83064e+05
    Temperature Pressure (bar)   Constr. rmsd
    3.01867e+02   -1.59827e+02    2.51165e-06

           Step           Time
          34000       68.00000

   Energies (kJ/mol)
           Bond            U-B    Proper Dih.  Improper Dih.      CMAP Dih.
    9.00015e+02    2.36572e+03    2.88567e+03    1.56724e+02   -8.83041e+01
          LJ-14     Coulomb-14        LJ (SR)   Coulomb (SR)   Coul. recip.
    1.09344e+03    1.03282e+04    2.26846e+04   -2.68678e+05    8.08449e+02
 Position Rest.      Potential    Kinetic En.   Total Energy  Conserved En.
    3.13873e+02   -2.27230e+05    4.43084e+04   -1.82921e+05   -1.83078e+05
    Temperature Pressure (bar)   Constr. rmsd
    3.01392e+02    1.45402e+02    2.81104e-06

           Step           Time
          34500       69.00000

   Energies (kJ/mol)
           Bond            U-B    Proper Dih.  Improper Dih.      CMAP Dih.
    9.81967e+02    2.37320e+03    2.87230e+03    1.35394e+02   -8.46186e+01
          LJ-14     Coulomb-14        LJ (SR)   Coulomb (SR)   Coul. recip.
    1.08492e+03    1.01732e+04    2.19552e+04   -2.67007e+05    7.86660e+02
 Position Rest.      Potential    Kinetic En.   Total Energy  Conserved En.
    3.01573e+02   -2.26427e+05    4.38433e+04   -1.82584e+05   -1.83074e+05
    Temperature Pressure (bar)   Constr. rmsd
    2.98229e+02   -9.91378e+01    2.82519e-06

           Step           Time
          35000       70.00000

   Energies (kJ/mol)
           Bond            U-B    Proper Dih.  Improper Dih.      CMAP Dih.
    9.37945e+02    2.31559e+03    2.88829e+03    1.44708e+02   -1.01828e+02
          LJ-14     Coulomb-14        LJ (SR)   Coulomb (SR)   Coul. recip.
    1.12121e+03    1.03649e+04    2.25231e+04   -2.68671e+05    7.86951e+02
 Position Rest.      Potential    Kinetic En.   Total Energy  Conserved En.
    3.30057e+02   -2.27360e+05    4.41222e+04   -1.83238e+05   -1.83069e+05
    Temperature Pressure (bar)   Constr. rmsd
    3.00126e+02    2.20213e+02    2.43278e-06

           Step           Time
          35500       71.00000

   Energies (kJ/mol)
           Bond            U-B    Proper Dih.  Improper Dih.      CMAP Dih.
    9.40812e+02    2.33106e+03    2.90143e+03    1.73465e+02   -1.04019e+02
          LJ-14     Coulomb-14        LJ (SR)   Coulomb (SR)   Coul. recip.
    1.04907e+03    1.03184e+04    2.24322e+04   -2.68534e+05    8.63181e+02
 Position Rest.      Potential    Kinetic En.   Total Energy  Conserved En.
    3.06298e+02   -2.27322e+05    4.38662e+04   -1.83456e+05   -1.83064e+05
    Temperature Pressure (bar)   Constr. rmsd
    2.98385e+02    4.15592e+01    2.46038e-06

           Step           Time
          36000       72.00000

   Energies (kJ/mol)
           Bond            U-B    Proper Dih.  Improper Dih.      CMAP Dih.
    9.11046e+02    2.33862e+03    2.86082e+03    1.20898e+02   -7.74383e+01
          LJ-14     Coulomb-14        LJ (SR)   Coulomb (SR)   Coul. recip.
    1.11391e+03    1.03040e+04    2.23441e+04   -2.68161e+05    8.34630e+02
 Position Rest.      Potential    Kinetic En.   Total Energy  Conserved En.
    3.27848e+02   -2.27083e+05    4.41251e+04   -1.82958e+05   -1.83068e+05
    Temperature Pressure (bar)   Constr. rmsd
    3.00146e+02   -9.37479e-01    2.53049e-06

           Step           Time
          36500       73.00000

   Energies (kJ/mol)
           Bond            U-B    Proper Dih.  Improper Dih.      CMAP Dih.
    1.06153e+03    2.39049e+03    2.87184e+03    1.28568e+02   -7.27444e+01
          LJ-14     Coulomb-14        LJ (SR)   Coulomb (SR)   Coul. recip.
    1.04098e+03    1.03306e+04    2.29280e+04   -2.69264e+05    7.80342e+02
 Position Rest.      Potential    Kinetic En.   Total Energy  Conserved En.
    3.19747e+02   -2.27484e+05    4.42416e+04   -1.83243e+05   -1.83043e+05
    Temperature Pressure (bar)   Constr. rmsd
    3.00938e+02   -2.28163e+02    2.31624e-06

           Step           Time
          37000       74.00000

   Energies (kJ/mol)
           Bond            U-B    Proper Dih.  Improper Dih.      CMAP Dih.
    9.64365e+02    2.36107e+03    2.80866e+03    1.67973e+02   -9.56708e+01
          LJ-14     Coulomb-14        LJ (SR)   Coulomb (SR)   Coul. recip.
    1.05104e+03    1.03016e+04    2.24721e+04   -2.68281e+05    7.71175e+02
 Position Rest.      Potential    Kinetic En.   Total Energy  Conserved En.
    2.86167e+02   -2.27193e+05    4.37112e+04   -1.83481e+05   -1.83039e+05
    Temperature Pressure (bar)   Constr. rmsd
    2.97330e+02    1.89193e+01    2.71130e-06

           Step           Time
          37500       75.00000

   Energies (kJ/mol)
           Bond            U-B    Proper Dih.  Improper Dih.      CMAP Dih.
    9.01737e+02    2.21283e+03    2.87213e+03    1.37099e+02   -7.97600e+01
          LJ-14     Coulomb-14        LJ (SR)   Coulomb (SR)   Coul. recip.
    1.11212e+03    1.05661e+04    2.17358e+04   -2.68248e+05    7.88716e+02
 Position Rest.      Potential    Kinetic En.   Total Energy  Conserved En.
    3.37548e+02   -2.27663e+05    4.40204e+04   -1.83643e+05   -1.83059e+05
    Temperature Pressure (bar)   Constr. rmsd
    2.99434e+02   -2.63939e+02    2.47119e-06

           Step           Time
          38000       76.00000

   Energies (kJ/mol)
           Bond            U-B    Proper Dih.  Improper Dih.      CMAP Dih.
    8.98675e+02    2.24910e+03    2.83079e+03    1.21906e+02   -5.37988e+01
          LJ-14     Coulomb-14        LJ (SR)   Coulomb (SR)   Coul. recip.
    1.08222e+03    1.04153e+04    2.23525e+04   -2.69066e+05    8.13225e+02
 Position Rest.      Potential    Kinetic En.   Total Energy  Conserved En.
    3.54930e+02   -2.28001e+05    4.37550e+04   -1.84246e+05   -1.83062e+05
    Temperature Pressure (bar)   Constr. rmsd
    2.97629e+02    4.96321e+01    2.72763e-06

           Step           Time
          38500       77.00000

   Energies (kJ/mol)
           Bond            U-B    Proper Dih.  Improper Dih.      CMAP Dih.
    8.56358e+02    2.36616e+03    2.82766e+03    1.39904e+02   -8.23327e+01
          LJ-14     Coulomb-14        LJ (SR)   Coulomb (SR)   Coul. recip.
    1.12985e+03    1.05098e+04    2.24713e+04   -2.69359e+05    8.01780e+02
 Position Rest.      Potential    Kinetic En.   Total Energy  Conserved En.
    2.94913e+02   -2.28044e+05    4.41983e+04   -1.83846e+05   -1.83060e+05
    Temperature Pressure (bar)   Constr. rmsd
    3.00643e+02    2.08285e+02    2.68788e-06

           Step           Time
          39000       78.00000

   Energies (kJ/mol)
           Bond            U-B    Proper Dih.  Improper Dih.      CMAP Dih.
    9.65204e+02    2.42755e+03    2.89824e+03    1.27002e+02   -1.01089e+02
          LJ-14     Coulomb-14        LJ (SR)   Coulomb (SR)   Coul. recip.
    1.06934e+03    1.04472e+04    2.22387e+04   -2.67726e+05    8.19071e+02
 Position Rest.      Potential    Kinetic En.   Total Energy  Conserved En.
    3.46759e+02   -2.26488e+05    4.41278e+04   -1.82361e+05   -1.83052e+05
    Temperature Pressure (bar)   Constr. rmsd
    3.00164e+02    9.62731e+01    2.76267e-06

           Step           Time
          39500       79.00000

   Energies (kJ/mol)
           Bond            U-B    Proper Dih.  Improper Dih.      CMAP Dih.
    9.36574e+02    2.21393e+03    2.89297e+03    1.25966e+02   -7.51734e+01
          LJ-14     Coulomb-14        LJ (SR)   Coulomb (SR)   Coul. recip.
    1.07124e+03    1.03545e+04    2.16033e+04   -2.67833e+05    7.93455e+02
 Position Rest.      Potential    Kinetic En.   Total Energy  Conserved En.
    3.22634e+02   -2.27593e+05    4.33900e+04   -1.84203e+05   -1.83031e+05
    Temperature Pressure (bar)   Constr. rmsd
    2.95145e+02   -3.83868e+02    2.46226e-06

           Step           Time
          40000       80.00000

   Energies (kJ/mol)
           Bond            U-B    Proper Dih.  Improper Dih.      CMAP Dih.
    9.56891e+02    2.39782e+03    2.85114e+03    1.44648e+02   -9.30588e+01
          LJ-14     Coulomb-14        LJ (SR)   Coulomb (SR)   Coul. recip.
    1.06945e+03    1.03530e+04    2.26444e+04   -2.69143e+05    8.23237e+02
 Position Rest.      Potential    Kinetic En.   Total Energy  Conserved En.
    2.85602e+02   -2.27710e+05    4.36778e+04   -1.84032e+05   -1.83043e+05
    Temperature Pressure (bar)   Constr. rmsd
    2.97103e+02   -4.08025e+01    2.35476e-06

           Step           Time
          40500       81.00000

   Energies (kJ/mol)
           Bond            U-B    Proper Dih.  Improper Dih.      CMAP Dih.
    8.82972e+02    2.37557e+03    2.94904e+03    1.64978e+02   -1.23705e+02
          LJ-14     Coulomb-14        LJ (SR)   Coulomb (SR)   Coul. recip.
    1.08892e+03    1.04326e+04    2.33526e+04   -2.68962e+05    7.60323e+02
 Position Rest.      Potential    Kinetic En.   Total Energy  Conserved En.
    2.99139e+02   -2.26779e+05    4.39364e+04   -1.82843e+05   -1.83055e+05
    Temperature Pressure (bar)   Constr. rmsd
    2.98863e+02    5.01168e+02    3.20036e-06

           Step           Time
          41000       82.00000

   Energies (kJ/mol)
           Bond            U-B    Proper Dih.  Improper Dih.      CMAP Dih.
    8.57309e+02    2.37368e+03    2.85605e+03    1.29080e+02   -8.43708e+01
          LJ-14     Coulomb-14        LJ (SR)   Coulomb (SR)   Coul. recip.
    1.11959e+03    1.06330e+04    2.18676e+04   -2.68334e+05    8.25372e+02
 Position Rest.      Potential    Kinetic En.   Total Energy  Conserved En.
    3.18978e+02   -2.27438e+05    4.42293e+04   -1.83209e+05   -1.83048e+05
    Temperature Pressure (bar)   Constr. rmsd
    3.00855e+02   -2.54382e+01    2.74615e-06

           Step           Time
          41500       83.00000

   Energies (kJ/mol)
           Bond            U-B    Proper Dih.  Improper Dih.      CMAP Dih.
    8.88959e+02    2.32921e+03    2.84453e+03    1.50476e+02   -8.80460e+01
          LJ-14     Coulomb-14        LJ (SR)   Coulomb (SR)   Coul. recip.
    1.06716e+03    1.04095e+04    2.19201e+04   -2.68396e+05    8.39040e+02
 Position Rest.      Potential    Kinetic En.   Total Energy  Conserved En.
    2.71124e+02   -2.27764e+05    4.33850e+04   -1.84379e+05   -1.83034e+05
    Temperature Pressure (bar)   Constr. rmsd
    2.95112e+02   -2.66678e+02    2.66856e-06

           Step           Time
          42000       84.00000

   Energies (kJ/mol)
           Bond            U-B    Proper Dih.  Improper Dih.      CMAP Dih.
    9.74890e+02    2.34674e+03    2.84596e+03    1.67001e+02   -9.24990e+01
          LJ-14     Coulomb-14        LJ (SR)   Coulomb (SR)   Coul. recip.
    1.09629e+03    1.03829e+04    2.23805e+04   -2.67972e+05    7.72197e+02
 Position Rest.      Potential    Kinetic En.   Total Energy  Conserved En.
    3.01285e+02   -2.26797e+05    4.41106e+04   -1.82687e+05   -1.83047e+05
    Temperature Pressure (bar)   Constr. rmsd
    3.00047e+02    1.74339e+02    2.96354e-06

           Step           Time
          42500       85.00000

   Energies (kJ/mol)
           Bond            U-B    Proper Dih.  Improper Dih.      CMAP Dih.
    8.89887e+02    2.43583e+03    2.84892e+03    1.32458e+02   -8.76760e+01
          LJ-14     Coulomb-14        LJ (SR)   Coulomb (SR)   Coul. recip.
    1.06661e+03    1.03118e+04    2.17531e+04   -2.67542e+05    7.70692e+02
 Position Rest.      Potential    Kinetic En.   Total Energy  Conserved En.
    3.12933e+02   -2.27107e+05    4.42914e+04   -1.82816e+05   -1.83049e+05
    Temperature Pressure (bar)   Constr. rmsd
    3.01277e+02   -6.60748e+01    2.86991e-06

           Step           Time
          43000       86.00000

   Energies (kJ/mol)
           Bond            U-B    Proper Dih.  Improper Dih.      CMAP Dih.
    9.17267e+02    2.35860e+03    2.87579e+03    1.47426e+02   -7.99022e+01
          LJ-14     Coulomb-14        LJ (SR)   Coulomb (SR)   Coul. recip.
    1.08199e+03    1.03523e+04    2.26577e+04   -2.68905e+05    8.51305e+02
 Position Rest.      Potential    Kinetic En.   Total Energy  Conserved En.
    2.84970e+02   -2.27457e+05    4.38433e+04   -1.83614e+05   -1.83038e+05
    Temperature Pressure (bar)   Constr. rmsd
    2.98229e+02    1.57277e+02    3.16407e-06

           Step           Time
          43500       87.00000

   Energies (kJ/mol)
           Bond            U-B    Proper Dih.  Improper Dih.      CMAP Dih.
    8.72655e+02    2.42799e+03    2.89616e+03    1.33342e+02   -9.70552e+01
          LJ-14     Coulomb-14        LJ (SR)   Coulomb (SR)   Coul. recip.
    1.10317e+03    1.04306e+04    2.18618e+04   -2.67648e+05    8.20627e+02
 Position Rest.      Potential    Kinetic En.   Total Energy  Conserved En.
    2.55126e+02   -2.26943e+05    4.47361e+04   -1.82207e+05   -1.83035e+05
    Temperature Pressure (bar)   Constr. rmsd
    3.04302e+02    2.04678e+02    2.86463e-06

           Step           Time
          44000       88.00000

   Energies (kJ/mol)
           Bond            U-B    Proper Dih.  Improper Dih.      CMAP Dih.
    8.86806e+02    2.38570e+03    2.85110e+03    1.35353e+02   -8.42011e+01
          LJ-14     Coulomb-14        LJ (SR)   Coulomb (SR)   Coul. recip.
    1.02735e+03    1.05015e+04    2.16425e+04   -2.67377e+05    8.05407e+02
 Position Rest.      Potential    Kinetic En.   Total Energy  Conserved En.
    2.71504e+02   -2.26954e+05    4.38436e+04   -1.83110e+05   -1.83030e+05
    Temperature Pressure (bar)   Constr. rmsd
    2.98231e+02   -2.95290e+02    3.16083e-06

           Step           Time
          44500       89.00000

   Energies (kJ/mol)
           Bond            U-B    Proper Dih.  Improper Dih.      CMAP Dih.
    9.54469e+02    2.39747e+03    2.85847e+03    1.48132e+02   -1.08655e+02
          LJ-14     Coulomb-14        LJ (SR)   Coulomb (SR)   Coul. recip.
    1.10027e+03    1.03094e+04    2.23570e+04   -2.68618e+05    8.14498e+02
 Position Rest.      Potential    Kinetic En.   Total Energy  Conserved En.
    3.21692e+02   -2.27466e+05    4.45934e+04   -1.82872e+05   -1.83030e+05
    Temperature Pressure (bar)   Constr. rmsd
    3.03332e+02   -1.68653e+01    3.14460e-06

           Step           Time
          45000       90.00000

   Energies (kJ/mol)
           Bond            U-B    Proper Dih.  Improper Dih.      CMAP Dih.
    8.91407e+02    2.32898e+03    2.83191e+03    1.34879e+02   -6.53578e+01
          LJ-14     Coulomb-14        LJ (SR)   Coulomb (SR)   Coul. recip.
    1.08795e+03    1.03937e+04    2.17001e+04   -2.68416e+05    8.07745e+02
 Position Rest.      Potential    Kinetic En.   Total Energy  Conserved En.
    2.83241e+02   -2.28021e+05    4.38179e+04   -1.84203e+05   -1.83030e+05
    Temperature Pressure (bar)   Constr. rmsd
    2.98056e+02    2.67736e+01    2.76066e-06

           Step           Time
          45500       91.00000

   Energies (kJ/mol)
           Bond            U-B    Proper Dih.  Improper Dih.      CMAP Dih.
    8.55503e+02    2.25689e+03    2.89466e+03    1.37067e+02   -9.27821e+01
          LJ-14     Coulomb-14        LJ (SR)   Coulomb (SR)   Coul. recip.
    1.09615e+03    1.04029e+04    2.20998e+04   -2.68858e+05    7.66605e+02
 Position Rest.      Potential    Kinetic En.   Total Energy  Conserved En.
    3.09645e+02   -2.28132e+05    4.41502e+04   -1.83982e+05   -1.83038e+05
    Temperature Pressure (bar)   Constr. rmsd
    3.00317e+02    6.72166e+00    2.50981e-06

           Step           Time
          46000       92.00000

   Energies (kJ/mol)
           Bond            U-B    Proper Dih.  Improper Dih.      CMAP Dih.
    8.85336e+02    2.37800e+03    2.82318e+03    1.21219e+02   -7.32841e+01
          LJ-14     Coulomb-14        LJ (SR)   Coulomb (SR)   Coul. recip.
    1.06401e+03    1.04268e+04    2.17256e+04   -2.67751e+05    8.06223e+02
 Position Rest.      Potential    Kinetic En.   Total Energy  Conserved En.
    3.03768e+02   -2.27290e+05    4.49763e+04   -1.82314e+05   -1.83023e+05
    Temperature Pressure (bar)   Constr. rmsd
    3.05936e+02   -1.27887e+02    3.20296e-06

           Step           Time
          46500       93.00000

   Energies (kJ/mol)
           Bond            U-B    Proper Dih.  Improper Dih.      CMAP Dih.
    9.54643e+02    2.36889e+03    2.86136e+03    1.58178e+02   -8.03247e+01
          LJ-14     Coulomb-14        LJ (SR)   Coulomb (SR)   Coul. recip.
    1.05286e+03    1.05309e+04    2.31642e+04   -2.69826e+05    7.93044e+02
 Position Rest.      Potential    Kinetic En.   Total Energy  Conserved En.
    2.72108e+02   -2.27750e+05    4.46065e+04   -1.83143e+05   -1.83030e+05
    Temperature Pressure (bar)   Constr. rmsd
    3.03421e+02    3.84245e+02    2.77167e-06

           Step           Time
          47000       94.00000

   Energies (kJ/mol)
           Bond            U-B    Proper Dih.  Improper Dih.      CMAP Dih.
    9.99424e+02    2.30483e+03    2.83211e+03    9.58888e+01   -8.10476e+01
          LJ-14     Coulomb-14        LJ (SR)   Coulomb (SR)   Coul. recip.
    1.05537e+03    1.03927e+04    2.20492e+04   -2.68044e+05    8.08256e+02
 Position Rest.      Potential    Kinetic En.   Total Energy  Conserved En.
    2.93081e+02   -2.27294e+05    4.41256e+04   -1.83168e+05   -1.83016e+05
    Temperature Pressure (bar)   Constr. rmsd
    3.00149e+02   -2.12328e+02    2.95717e-06

           Step           Time
          47500       95.00000

   Energies (kJ/mol)
           Bond            U-B    Proper Dih.  Improper Dih.      CMAP Dih.
    8.74494e+02    2.20000e+03    2.87529e+03    1.10015e+02   -9.43289e+01
          LJ-14     Coulomb-14        LJ (SR)   Coulomb (SR)   Coul. recip.
    1.07854e+03    1.04933e+04    2.18151e+04   -2.68351e+05    8.11376e+02
 Position Rest.      Potential    Kinetic En.   Total Energy  Conserved En.
    2.87947e+02   -2.27900e+05    4.37818e+04   -1.84118e+05   -1.83020e+05
    Temperature Pressure (bar)   Constr. rmsd
    2.97811e+02   -2.99922e+02    2.88933e-06

           Step           Time
          48000       96.00000

   Energies (kJ/mol)
           Bond            U-B    Proper Dih.  Improper Dih.      CMAP Dih.
    9.26640e+02    2.23928e+03    2.85724e+03    1.52005e+02   -7.70311e+01
          LJ-14     Coulomb-14        LJ (SR)   Coulomb (SR)   Coul. recip.
    1.08909e+03    1.03743e+04    2.30630e+04   -2.69997e+05    8.17472e+02
 Position Rest.      Potential    Kinetic En.   Total Energy  Conserved En.
    2.89308e+02   -2.28266e+05    4.43064e+04   -1.83959e+05   -1.83029e+05
    Temperature Pressure (bar)   Constr. rmsd
    3.01379e+02    2.74341e+01    2.84024e-06

           Step           Time
          48500       97.00000

   Energies (kJ/mol)
           Bond            U-B    Proper Dih.  Improper Dih.      CMAP Dih.
    9.85702e+02    2.26812e+03    2.85027e+03    1.43541e+02   -7.34495e+01
          LJ-14     Coulomb-14        LJ (SR)   Coulomb (SR)   Coul. recip.
    1.04567e+03    1.03205e+04    2.18939e+04   -2.67611e+05    7.91171e+02
 Position Rest.      Potential    Kinetic En.   Total Energy  Conserved En.
    2.83447e+02   -2.27102e+05    4.36014e+04   -1.83501e+05   -1.82997e+05
    Temperature Pressure (bar)   Constr. rmsd
    2.96583e+02   -2.72405e+02    2.65884e-06

           Step           Time
          49000       98.00000

   Energies (kJ/mol)
           Bond            U-B    Proper Dih.  Improper Dih.      CMAP Dih.
    9.90311e+02    2.30746e+03    2.86299e+03    1.48924e+02   -1.36506e+02
          LJ-14     Coulomb-14        LJ (SR)   Coulomb (SR)   Coul. recip.
    1.09112e+03    1.03547e+04    2.27498e+04   -2.69036e+05    8.54982e+02
 Position Rest.      Potential    Kinetic En.   Total Energy  Conserved En.
    3.35234e+02   -2.27477e+05    4.40366e+04   -1.83441e+05   -1.83019e+05
    Temperature Pressure (bar)   Constr. rmsd
    2.99544e+02    8.68750e+01    2.82292e-06

           Step           Time
          49500       99.00000

   Energies (kJ/mol)
           Bond            U-B    Proper Dih.  Improper Dih.      CMAP Dih.
    8.74747e+02    2.28805e+03    2.87656e+03    1.67344e+02   -1.02049e+02
          LJ-14     Coulomb-14        LJ (SR)   Coulomb (SR)   Coul. recip.
    1.10211e+03    1.03255e+04    2.27790e+04   -2.68850e+05    8.07909e+02
 Position Rest.      Potential    Kinetic En.   Total Energy  Conserved En.
    2.82744e+02   -2.27448e+05    4.37218e+04   -1.83726e+05   -1.83021e+05
    Temperature Pressure (bar)   Constr. rmsd
    2.97403e+02    1.82199e+02    2.81487e-06

           Step           Time
          50000      100.00000

Writing checkpoint, step 50000 at Sun Jul 26 12:00:42 2020


   Energies (kJ/mol)
           Bond            U-B    Proper Dih.  Improper Dih.      CMAP Dih.
    9.02310e+02    2.31115e+03    2.80802e+03    1.42426e+02   -9.26901e+01
          LJ-14     Coulomb-14        LJ (SR)   Coulomb (SR)   Coul. recip.
    1.08022e+03    1.03951e+04    2.23051e+04   -2.68970e+05    7.72860e+02
 Position Rest.      Potential    Kinetic En.   Total Energy  Conserved En.
    2.90152e+02   -2.28056e+05    4.38622e+04   -1.84193e+05   -1.83010e+05
    Temperature Pressure (bar)   Constr. rmsd
    2.98358e+02   -2.01546e+02    3.39986e-06


	<======  ###############  ==>
	<====  A V E R A G E S  ====>
	<==  ###############  ======>

	Statistics over 50001 steps using 501 frames

   Energies (kJ/mol)
           Bond            U-B    Proper Dih.  Improper Dih.      CMAP Dih.
    9.33761e+02    2.35960e+03    2.85389e+03    1.41164e+02   -8.43234e+01
          LJ-14     Coulomb-14        LJ (SR)   Coulomb (SR)   Coul. recip.
    1.08029e+03    1.03643e+04    2.22591e+04   -2.68404e+05    8.02764e+02
 Position Rest.      Potential    Kinetic En.   Total Energy  Conserved En.
    3.02945e+02   -2.27391e+05    4.41358e+04   -1.83255e+05   -1.83100e+05
    Temperature Pressure (bar)   Constr. rmsd
    3.00219e+02   -1.91669e+01    0.00000e+00

          Box-X          Box-Y          Box-Z
    6.23824e+00    6.23824e+00    4.41109e+00

   Total Virial (kJ/mol)
    1.48445e+04   -7.61924e+01    7.91432e+00
   -7.55889e+01    1.48989e+04   -8.01951e+01
    8.29393e+00   -7.99407e+01    1.46933e+04

   Pressure (bar)
   -2.07383e+01    1.68543e+01   -2.95192e+00
    1.67373e+01   -3.17124e+01    1.40043e+01
   -3.02533e+00    1.39551e+01   -5.04999e+00

  T-Protein_JZ4        T-Water
    3.00904e+02    3.00162e+02


	M E G A - F L O P S   A C C O U N T I N G

 NB=Group-cutoff nonbonded kernels    NxN=N-by-N cluster Verlet kernels
 RF=Reaction-Field  VdW=Van der Waals  QSTab=quadratic-spline table
 W3=SPC/TIP3p  W4=TIP4p (single or pairs)
 V&F=Potential and force  V=Potential only  F=Force only

 Computing:                               M-Number         M-Flops  % Flops
-----------------------------------------------------------------------------
 Pair Search distance check            4866.113684       43795.023     0.1
 NxN QSTab Elec. + LJ [F]            678359.107136    35953032.678    93.1
 NxN QSTab Elec. + LJ [V&F]            6865.486088      556104.373     1.4
 NxN QSTab Elec. [F]                  15396.353232      523476.010     1.4
 NxN QSTab Elec. [V&F]                  155.688856        6383.243     0.0
 1,4 nonbonded interactions             140.652813       12658.753     0.0
 Calc Weights                          2610.802215       93988.880     0.2
 Spread Q Bspline                     55697.113920      111394.228     0.3
 Gather F Bspline                     55697.113920      334182.684     0.9
 3D-FFT                              102183.043620      817464.349     2.1
 Solve PME                               80.001600        5120.102     0.0
 Shift-X                                 10.895530          65.373     0.0
 Bonds                                   28.850577        1702.184     0.0
 Propers                                137.352747       31453.779     0.1
 Impropers                                8.950179        1861.637     0.0
 Pos. Restr.                             27.950559        1397.528     0.0
 Virial                                  43.642450         785.564     0.0
 Stop-CM                                  8.719905          87.199     0.0
 P-Coupling                              43.529905         261.179     0.0
 Calc-Ekin                               87.059810        2350.615     0.0
 Lincs                                   25.850517        1551.031     0.0
 Lincs-Mat                              124.802496         499.210     0.0
 Constraint-V                           868.167363        6945.339     0.0
 Constraint-Vir                          42.131846        1011.164     0.0
 Settle                                 272.155443       87906.208     0.2
 Virtual Site 2fd                         0.052502           3.308     0.0
 CMAP                                     3.250065        5525.110     0.0
 Urey-Bradley                            97.751955       17888.608     0.0
-----------------------------------------------------------------------------
 Total                                                38618895.360   100.0
-----------------------------------------------------------------------------


     R E A L   C Y C L E   A N D   T I M E   A C C O U N T I N G

On 1 MPI rank, each using 4 OpenMP threads

 Computing:          Num   Num      Call    Wall time         Giga-Cycles
                     Ranks Threads  Count      (s)         total sum    %
-----------------------------------------------------------------------------
 Vsite constr.          1    4      50001      19.938        117.122   0.5
 Neighbor search        1    4        626      33.754        198.284   0.8
 Force                  1    4      50001    3247.275      19075.718  79.2
 PME mesh               1    4      50001     488.443       2869.297  11.9
 NB X/F buffer ops.     1    4      99376     145.175        852.810   3.5
 Vsite spread           1    4      52502      41.429        243.367   1.0
 Write traj.            1    4        105       0.947          5.565   0.0
 Update                 1    4      50001      51.631        303.300   1.3
 Constraints            1    4      50001      61.250        359.807   1.5
 Rest                                           9.515         55.895   0.2
-----------------------------------------------------------------------------
 Total                                       4099.356      24081.165 100.0
-----------------------------------------------------------------------------
 Breakdown of PME mesh computation
-----------------------------------------------------------------------------
 PME spread             1    4      50001     175.101       1028.609   4.3
 PME gather             1    4      50001     188.091       1104.920   4.6
 PME 3D-FFT             1    4     100002     101.045        593.574   2.5
 PME solve Elec         1    4      50001       9.037         53.087   0.2
-----------------------------------------------------------------------------

               Core t (s)   Wall t (s)        (%)
       Time:    16397.424     4099.356      400.0
                         1h08:19
                 (ns/day)    (hour/ns)
Performance:        2.108       11.387
Finished mdrun on rank 0 Sun Jul 26 12:00:42 2020

